1682012041511 GET /
1682012041563 GET /favicon.ico
1682012071614 GET /b
1682580276197 GET /
1682580276238 GET /favicon.ico
1682580300494 GET /
1683020911186 GET /
1683020911212 GET /apple-touch-icon-precomposed.png
1683020911214 GET /apple-touch-icon.png
1683020973321 GET /
1683020984308 GET /
1683021081997 GET /
1683021108548 GET /
1683021163608 GET /
1683021168762 GET /
1683021172013 GET /login
1683021175449 GET /
1683114216284 GET /
1683119276925 GET /
1683202198074 GET /
1683202198097 GET /favicon.ico
1684229520907 GET /
1684229520941 GET /favicon.ico
1684229520942 GET /apple-touch-icon-precomposed.png
1684229520952 GET /apple-touch-icon.png
1691681083299 GET /b
1691681083347 GET /favicon.ico
1691681084524 GET /b
1691681086599 GET /
1691681124700 GET /%D0%B8%D1%89%D1%89%D0%BB%D1%8B
1691681129225 GET /books
1691681132108 GET /books
1691682534157 GET /books/s
1691682723088 GET /api/books/
1691684229285 GET /api/books/
1691684233157 GET /api/books/
1691684322354 GET /api/books/
1691684489056 GET /api/books/
